<?xml version="1.0" encoding="UTF-8"?>
<testng-results ignored="0" total="1" passed="1" failed="0" skipped="0">
  <reporter-output>
  </reporter-output>
  <suite started-at="2023-05-16T11:36:38 IST" name="Google Suite" finished-at="2023-05-16T11:36:49 IST" duration-ms="10123">
    <groups>
    </groups>
    <test started-at="2023-05-16T11:36:38 IST" name="Google Test" finished-at="2023-05-16T11:36:49 IST" duration-ms="10123">
      <class name="a1_googleTest.A1_GoogleTest">
        <test-method signature="validateGoogle()[pri:0, instance:a1_googleTest.A1_GoogleTest@6eda5c9]" started-at="2023-05-16T11:36:38 IST" name="validateGoogle" finished-at="2023-05-16T11:36:49 IST" duration-ms="10068" status="PASS">
          <reporter-output>
          </reporter-output>
        </test-method> <!-- validateGoogle -->
      </class> <!-- a1_googleTest.A1_GoogleTest -->
    </test> <!-- Google Test -->
  </suite> <!-- Google Suite -->
</testng-results>
