<?xml version="1.0" encoding="UTF-8"?>
<testng-results skipped="0" failed="0" ignored="0" total="2" passed="2">
  <reporter-output>
  </reporter-output>
  <suite name="Sanity Suite" duration-ms="15422" started-at="2023-05-16T10:58:21 IST" finished-at="2023-05-16T10:58:37 IST">
    <groups>
    </groups>
    <test name="Google Test" duration-ms="9770" started-at="2023-05-16T10:58:21 IST" finished-at="2023-05-16T10:58:31 IST">
      <class name="a1_googleTest.A1_GoogleTest">
        <test-method status="PASS" signature="validateGoogle()[pri:0, instance:a1_googleTest.A1_GoogleTest@491cc5c9]" name="validateGoogle" duration-ms="9707" started-at="2023-05-16T10:58:21 IST" finished-at="2023-05-16T10:58:31 IST">
          <reporter-output>
          </reporter-output>
        </test-method> <!-- validateGoogle -->
      </class> <!-- a1_googleTest.A1_GoogleTest -->
    </test> <!-- Google Test -->
    <test name="Bing Test" duration-ms="5631" started-at="2023-05-16T10:58:31 IST" finished-at="2023-05-16T10:58:37 IST">
      <class name="a2_bingTest.A1_BingTest">
        <test-method status="PASS" signature="validateBing()[pri:0, instance:a2_bingTest.A1_BingTest@78186a70]" name="validateBing" duration-ms="5624" started-at="2023-05-16T10:58:31 IST" finished-at="2023-05-16T10:58:37 IST">
          <reporter-output>
          </reporter-output>
        </test-method> <!-- validateBing -->
      </class> <!-- a2_bingTest.A1_BingTest -->
    </test> <!-- Bing Test -->
  </suite> <!-- Sanity Suite -->
</testng-results>
